0 info it worked if it ends with ok
1 verbose cli [ '/usr/local/bin/node', '/usr/local/bin/npm', 'run', 'debug' ]
2 info using npm@3.10.9
3 info using node@v4.6.1
4 verbose run-script [ 'predebug', 'debug', 'postdebug' ]
5 info lifecycle ski-dictionary@1.0.0~predebug: ski-dictionary@1.0.0
6 verbose lifecycle ski-dictionary@1.0.0~predebug: unsafe-perm in lifecycle true
7 verbose lifecycle ski-dictionary@1.0.0~predebug: PATH: /usr/local/lib/node_modules/npm/bin/node-gyp-bin:/Users/monarin/Documents/Works/version-control/baanmunta/nodejs/lesstocss/node_modules/.bin:/Users/monarin/Documents/google-cloud-sdk/bin:/usr/local/bin/shelx:/usr/local/mysql/bin:~/Library/Python/2.7/bin:/usr/local/bin:/usr/bin:/bin:/usr/sbin:/sbin:/opt/X11/bin
8 verbose lifecycle ski-dictionary@1.0.0~predebug: CWD: /Users/monarin/Documents/Works/version-control/baanmunta/nodejs/lesstocss
9 silly lifecycle ski-dictionary@1.0.0~predebug: Args: [ '-c', 'grunt' ]
10 silly lifecycle ski-dictionary@1.0.0~predebug: Returned: code: 0  signal: null
11 info lifecycle ski-dictionary@1.0.0~debug: ski-dictionary@1.0.0
12 verbose lifecycle ski-dictionary@1.0.0~debug: unsafe-perm in lifecycle true
13 verbose lifecycle ski-dictionary@1.0.0~debug: PATH: /usr/local/lib/node_modules/npm/bin/node-gyp-bin:/Users/monarin/Documents/Works/version-control/baanmunta/nodejs/lesstocss/node_modules/.bin:/Users/monarin/Documents/google-cloud-sdk/bin:/usr/local/bin/shelx:/usr/local/mysql/bin:~/Library/Python/2.7/bin:/usr/local/bin:/usr/bin:/bin:/usr/sbin:/sbin:/opt/X11/bin
14 verbose lifecycle ski-dictionary@1.0.0~debug: CWD: /Users/monarin/Documents/Works/version-control/baanmunta/nodejs/lesstocss
15 silly lifecycle ski-dictionary@1.0.0~debug: Args: [ '-c',
15 silly lifecycle   'open http://localhost:3000 & open http://localhost:8080/debug?port=5858' ]
16 silly lifecycle ski-dictionary@1.0.0~debug: Returned: code: 0  signal: null
17 info lifecycle ski-dictionary@1.0.0~postdebug: ski-dictionary@1.0.0
18 verbose lifecycle ski-dictionary@1.0.0~postdebug: unsafe-perm in lifecycle true
19 verbose lifecycle ski-dictionary@1.0.0~postdebug: PATH: /usr/local/lib/node_modules/npm/bin/node-gyp-bin:/Users/monarin/Documents/Works/version-control/baanmunta/nodejs/lesstocss/node_modules/.bin:/Users/monarin/Documents/google-cloud-sdk/bin:/usr/local/bin/shelx:/usr/local/mysql/bin:~/Library/Python/2.7/bin:/usr/local/bin:/usr/bin:/bin:/usr/sbin:/sbin:/opt/X11/bin
20 verbose lifecycle ski-dictionary@1.0.0~postdebug: CWD: /Users/monarin/Documents/Works/version-control/baanmunta/nodejs/lesstocss
21 silly lifecycle ski-dictionary@1.0.0~postdebug: Args: [ '-c', 'node-inspector & node --debug app' ]
22 silly lifecycle ski-dictionary@1.0.0~postdebug: Returned: code: 1  signal: null
23 info lifecycle ski-dictionary@1.0.0~postdebug: Failed to exec postdebug script
24 verbose stack Error: ski-dictionary@1.0.0 postdebug: `node-inspector & node --debug app`
24 verbose stack Exit status 1
24 verbose stack     at EventEmitter.<anonymous> (/usr/local/lib/node_modules/npm/lib/utils/lifecycle.js:255:16)
24 verbose stack     at emitTwo (events.js:87:13)
24 verbose stack     at EventEmitter.emit (events.js:172:7)
24 verbose stack     at ChildProcess.<anonymous> (/usr/local/lib/node_modules/npm/lib/utils/spawn.js:40:14)
24 verbose stack     at emitTwo (events.js:87:13)
24 verbose stack     at ChildProcess.emit (events.js:172:7)
24 verbose stack     at maybeClose (internal/child_process.js:829:16)
24 verbose stack     at Process.ChildProcess._handle.onexit (internal/child_process.js:211:5)
25 verbose pkgid ski-dictionary@1.0.0
26 verbose cwd /Users/monarin/Documents/Works/version-control/baanmunta/nodejs/lesstocss
27 error Darwin 16.1.0
28 error argv "/usr/local/bin/node" "/usr/local/bin/npm" "run" "debug"
29 error node v4.6.1
30 error npm  v3.10.9
31 error code ELIFECYCLE
32 error ski-dictionary@1.0.0 postdebug: `node-inspector & node --debug app`
32 error Exit status 1
33 error Failed at the ski-dictionary@1.0.0 postdebug script 'node-inspector & node --debug app'.
33 error Make sure you have the latest version of node.js and npm installed.
33 error If you do, this is most likely a problem with the ski-dictionary package,
33 error not with npm itself.
33 error Tell the author that this fails on your system:
33 error     node-inspector & node --debug app
33 error You can get information on how to open an issue for this project with:
33 error     npm bugs ski-dictionary
33 error Or if that isn't available, you can get their info via:
33 error     npm owner ls ski-dictionary
33 error There is likely additional logging output above.
34 verbose exit [ 1, true ]
